Flow report for DE2_i2sound
Wed Mar 04 18:26:17 2015
Quartus II 32-bit Version 12.1 Build 177 11/07/2012 SJ Web Edition


---------------------
; Table of Contents ;
---------------------
  1. Legal Notice
  2. Flow Summary
  3. Flow Settings
  4. Flow Non-Default Global Settings
  5. Flow Elapsed Time
  6. Flow OS Summary
  7. Flow Log



----------------
; Legal Notice ;
----------------
Copyright (C) 1991-2012 Altera Corporation
Your use of Altera Corporation's design tools, logic functions 
and other software and tools, and its AMPP partner logic 
functions, and any output files from any of the foregoing 
(including device programming or simulation files), and any 
associated documentation or information are expressly subject 
to the terms and conditions of the Altera Program License 
Subscription Agreement, Altera MegaCore Function License 
Agreement, or other applicable license agreement, including, 
without limitation, that your use is for the sole purpose of 
programming logic devices manufactured by Altera and sold by 
Altera or its authorized distributors.  Please refer to the 
applicable agreement for further details.



+-------------------------------------------------------------------------------+
; Flow Summary                                                                  ;
+------------------------------------+------------------------------------------+
; Flow Status                        ; Successful - Wed Mar 04 18:26:11 2015    ;
; Quartus II 32-bit Version          ; 12.1 Build 177 11/07/2012 SJ Web Edition ;
; Revision Name                      ; DE2_i2sound                              ;
; Top-level Entity Name              ; system                                   ;
; Family                             ; Cyclone II                               ;
; Device                             ; EP2C35F672C8                             ;
; Timing Models                      ; Final                                    ;
; Total logic elements               ; 917 / 33,216 ( 3 % )                     ;
;     Total combinational functions  ; 527 / 33,216 ( 2 % )                     ;
;     Dedicated logic registers      ; 513 / 33,216 ( 2 % )                     ;
; Total registers                    ; 513                                      ;
; Total pins                         ; 13 / 475 ( 3 % )                         ;
; Total virtual pins                 ; 0                                        ;
; Total memory bits                  ; 480 / 483,840 ( < 1 % )                  ;
; Embedded Multiplier 9-bit elements ; 48 / 70 ( 69 % )                         ;
; Total PLLs                         ; 0 / 4 ( 0 % )                            ;
+------------------------------------+------------------------------------------+


+-----------------------------------------+
; Flow Settings                           ;
+-------------------+---------------------+
; Option            ; Setting             ;
+-------------------+---------------------+
; Start date & time ; 03/04/2015 18:25:30 ;
; Main task         ; Compilation         ;
; Revision Name     ; DE2_i2sound         ;
+-------------------+---------------------+


+------------------------------------------------------------------------------------------------------------------------+
; Flow Non-Default Global Settings                                                                                       ;
+-------------------------------------+---------------------------------------+---------------+-------------+------------+
; Assignment Name                     ; Value                                 ; Default Value ; Entity Name ; Section Id ;
+-------------------------------------+---------------------------------------+---------------+-------------+------------+
; COMPILER_SIGNATURE_ID               ; 121380355329.142551153004048          ; --            ; --          ; --         ;
; ENABLE_SIGNALTAP                    ; Off                                   ; --            ; --          ; --         ;
; IP_TOOL_NAME                        ; LPM_MULT                              ; --            ; --          ; --         ;
; IP_TOOL_VERSION                     ; 12.1                                  ; --            ; --          ; --         ;
; MAX_CORE_JUNCTION_TEMP              ; 85                                    ; --            ; --          ; --         ;
; MIN_CORE_JUNCTION_TEMP              ; 0                                     ; --            ; --          ; --         ;
; MISC_FILE                           ; multi_bb.v                            ; --            ; --          ; --         ;
; PARTITION_COLOR                     ; 16764057                              ; --            ; system      ; Top        ;
; PARTITION_FITTER_PRESERVATION_LEVEL ; PLACEMENT_AND_ROUTING                 ; --            ; system      ; Top        ;
; PARTITION_NETLIST_TYPE              ; SOURCE                                ; --            ; system      ; Top        ;
; POWER_BOARD_THERMAL_MODEL           ; None (CONSERVATIVE)                   ; --            ; --          ; --         ;
; POWER_PRESET_COOLING_SOLUTION       ; 23 MM HEAT SINK WITH 200 LFPM AIRFLOW ; --            ; --          ; --         ;
; TOP_LEVEL_ENTITY                    ; system                                ; DE2_i2sound   ; --          ; --         ;
; USE_SIGNALTAP_FILE                  ; stp1.stp                              ; --            ; --          ; --         ;
+-------------------------------------+---------------------------------------+---------------+-------------+------------+


+-------------------------------------------------------------------------------------------------------------------------------+
; Flow Elapsed Time                                                                                                             ;
+---------------------------+--------------+-------------------------+---------------------+------------------------------------+
; Module Name               ; Elapsed Time ; Average Processors Used ; Peak Virtual Memory ; Total CPU Time (on all processors) ;
+---------------------------+--------------+-------------------------+---------------------+------------------------------------+
; Analysis & Synthesis      ; 00:00:10     ; 1.0                     ; 382 MB              ; 00:00:07                           ;
; Fitter                    ; 00:00:22     ; 1.0                     ; 494 MB              ; 00:00:21                           ;
; Assembler                 ; 00:00:04     ; 1.0                     ; 369 MB              ; 00:00:03                           ;
; TimeQuest Timing Analyzer ; 00:00:05     ; 1.0                     ; 368 MB              ; 00:00:04                           ;
; Total                     ; 00:00:41     ; --                      ; --                  ; 00:00:35                           ;
+---------------------------+--------------+-------------------------+---------------------+------------------------------------+


+----------------------------------------------------------------------------------------+
; Flow OS Summary                                                                        ;
+---------------------------+------------------+-----------+------------+----------------+
; Module Name               ; Machine Hostname ; OS Name   ; OS Version ; Processor type ;
+---------------------------+------------------+-----------+------------+----------------+
; Analysis & Synthesis      ; VCL66B7          ; Windows 7 ; 6.2        ; x86_64         ;
; Fitter                    ; VCL66B7          ; Windows 7 ; 6.2        ; x86_64         ;
; Assembler                 ; VCL66B7          ; Windows 7 ; 6.2        ; x86_64         ;
; TimeQuest Timing Analyzer ; VCL66B7          ; Windows 7 ; 6.2        ; x86_64         ;
+---------------------------+------------------+-----------+------------+----------------+


------------
; Flow Log ;
------------
quartus_map --read_settings_files=on --write_settings_files=off DE2_i2sound -c DE2_i2sound
quartus_fit --read_settings_files=off --write_settings_files=off DE2_i2sound -c DE2_i2sound
quartus_asm --read_settings_files=off --write_settings_files=off DE2_i2sound -c DE2_i2sound
quartus_sta DE2_i2sound -c DE2_i2sound



